<?xml version="1.0" encoding="UTF-8"?>
<!-- Generated by org.testng.reporters.JUnitXMLReporter -->
<testsuite hostname="DESKTOP-INQUNRP" ignored="0" name="LoginTest" tests="2" failures="1" timestamp="2020-05-21T14:44:31 EDT" time="10.654" errors="0">
  <testcase name="containTrue" time="0.002" classname="com.ReportWithBaseTest.ContainTest">
    <failure type="java.lang.NullPointerException">
      <![CDATA[java.lang.NullPointerException
at com.ReportWithBaseTest.ContainTest.containTrue(ContainTest.java:11)
at java.util.ArrayList.forEach(Unknown Source)
... Removed 27 stack frames]]>
    </failure>
  </testcase> <!-- containTrue -->
  <testcase name="contain" time="0.0" classname="com.ReportWithBaseTest.ContainTest">
    <skipped/>
  </testcase> <!-- contain -->
</testsuite> <!-- LoginTest -->
