<?xml version="1.0" encoding="UTF-8"?>
<!-- Generated by org.testng.reporters.JUnitXMLReporter -->
<testsuite hostname="DESKTOP-INQUNRP" ignored="0" name="NameTest" tests="1" failures="1" timestamp="2020-05-21T14:44:42 EDT" time="11.029" errors="0">
  <testcase name="@AfterMethod closeApplication" time="0.002" classname="com.ReportWithBaseTest.BaseTest">
    <failure type="java.lang.NullPointerException">
      <![CDATA[java.lang.NullPointerException
at com.ReportWithBaseTest.BaseTest.closeApplication(BaseTest.java:90)
at java.util.ArrayList.forEach(Unknown Source)
... Removed 32 stack frames]]>
    </failure>
  </testcase> <!-- @AfterMethod closeApplication -->
  <testcase name="Opentest" time="0.001" classname="com.ReportWithBaseTest.EmptyClass">
    <failure type="java.lang.NullPointerException">
      <![CDATA[java.lang.NullPointerException
at com.ReportWithBaseTest.EmptyClass.Opentest(EmptyClass.java:9)
at java.util.ArrayList.forEach(Unknown Source)
... Removed 27 stack frames]]>
    </failure>
  </testcase> <!-- Opentest -->
</testsuite> <!-- NameTest -->
