<?xml version="1.0" encoding="UTF-8"?>
<!-- Generated by org.testng.reporters.JUnitXMLReporter -->
<testsuite hostname="DESKTOP-INQUNRP" ignored="0" name="Test" tests="4" failures="2" timestamp="2020-06-10T20:43:12 EDT" time="47.354" errors="0">
  <testcase name="urlTest" time="0.054" classname="com.ReportWithListener.MultipoleTest"/>
  <testcase name="titleTest" time="0.015" classname="com.ReportWithListener.MultipoleTest"/>
  <testcase name="linkTest" time="0.064" classname="com.ReportWithListener.MultipoleTest">
    <failure type="java.lang.AssertionError" message="did not expect to find [true] but found [false]">
      <![CDATA[java.lang.AssertionError: did not expect to find [true] but found [false]
at com.ReportWithListener.MultipoleTest.linkTest(MultipoleTest.java:48)
at java.util.ArrayList.forEach(Unknown Source)
... Removed 31 stack frames]]>
    </failure>
  </testcase> <!-- linkTest -->
  <testcase name="linkTest" time="15.374" classname="com.ReportWithListener.MultipoleTest">
    <failure type="java.lang.NullPointerException">
      <![CDATA[java.lang.NullPointerException
at com.ReportBasics.CustomizedReport.getScreenshot(CustomizedReport.java:178)
at com.ReportWithListener.ExtentListener.onTestFailure(ExtentListener.java:68)
at java.util.ArrayList.forEach(Unknown Source)
... Removed 24 stack frames]]>
    </failure>
  </testcase> <!-- linkTest -->
</testsuite> <!-- Test -->
