<?xml version="1.0" encoding="UTF-8"?>
<!-- Generated by org.testng.reporters.JUnitXMLReporter -->
<testsuite hostname="DESKTOP-INQUNRP" ignored="0" name="Test2" tests="2" failures="0" timestamp="2020-06-10T19:53:08 EDT" time="0.035" errors="0">
  <testcase name="containTrue" time="0.0" classname="com.ReportWithBaseTest.ContainTest">
    <skipped/>
  </testcase> <!-- containTrue -->
  <testcase name="contain" time="0.0" classname="com.ReportWithBaseTest.ContainTest">
    <skipped/>
  </testcase> <!-- contain -->
</testsuite> <!-- Test2 -->
