<?xml version="1.0" encoding="UTF-8"?>
<testng-results skipped="0" failed="0" ignored="0" total="1" passed="1">
  <reporter-output>
  </reporter-output>
  <suite name="com.Report.FirstTest" duration-ms="51" started-at="2020-05-12T12:51:43 EDT" finished-at="2020-05-12T12:51:43 EDT">
    <groups>
    </groups>
    <test name="Command line test" duration-ms="51" started-at="2020-05-12T12:51:43 EDT" finished-at="2020-05-12T12:51:43 EDT">
      <class name="com.Report.FirstTest">
        <test-method status="PASS" signature="openApp()[pri:0, instance:com.Report.FirstTest@46d56d67]" name="openApp" is-config="true" duration-ms="13" started-at="2020-05-12T12:51:43 EDT" finished-at="2020-05-12T12:51:43 EDT">
          <reporter-output>
          </reporter-output>
        </test-method> <!-- openApp -->
        <test-method status="PASS" signature="loginTest()[pri:0, instance:com.Report.FirstTest@46d56d67]" name="loginTest" duration-ms="1" started-at="2020-05-12T12:51:43 EDT" finished-at="2020-05-12T12:51:43 EDT">
          <reporter-output>
          </reporter-output>
        </test-method> <!-- loginTest -->
      </class> <!-- com.Report.FirstTest -->
    </test> <!-- Command line test -->
  </suite> <!-- com.Report.FirstTest -->
</testng-results>
